10.30:22.11.29  INFO	ru.sfedu.projectmanager.model.providers.DataProviderCSV:48 - 0
10.30:22.11.29  INFO	ru.sfedu.projectmanager.model.providers.DataProviderCSV:48 - 1
10.30:22.11.29  INFO	ru.sfedu.projectmanager.model.providers.DataProviderCSV:48 - 4
10.30:22.11.29  INFO	ru.sfedu.projectmanager.model.providers.DataProviderCSV:48 - 4
10.30:22.11.29  INFO	ru.sfedu.projectmanager.model.providers.DataProviderCSV:48 - 4
10.30:22.11.29  INFO	ru.sfedu.projectmanager.model.providers.DataProviderCSV:48 - 4
10.30:22.14.37  INFO	ru.sfedu.projectmanager.model.providers.DataProviderCSV:48 - 0
10.30:22.14.37  INFO	ru.sfedu.projectmanager.model.providers.DataProviderCSV:48 - 1
10.30:22.14.37  INFO	ru.sfedu.projectmanager.model.providers.DataProviderCSV:48 - 4
10.30:22.14.37  INFO	ru.sfedu.projectmanager.model.providers.DataProviderCSV:48 - 4
10.30:22.14.37  INFO	ru.sfedu.projectmanager.model.providers.DataProviderCSV:48 - 4
10.30:22.14.37  INFO	ru.sfedu.projectmanager.model.providers.DataProviderCSV:48 - 4
10.30:22.15.01  INFO	ru.sfedu.projectmanager.model.providers.DataProviderCSV:48 - 0
10.30:22.15.01  INFO	ru.sfedu.projectmanager.model.providers.DataProviderCSV:49 - 0
10.30:22.15.01  INFO	ru.sfedu.projectmanager.model.providers.DataProviderCSV:48 - 1
10.30:22.15.01  INFO	ru.sfedu.projectmanager.model.providers.DataProviderCSV:49 - 0
10.30:22.15.01  INFO	ru.sfedu.projectmanager.model.providers.DataProviderCSV:48 - 4
10.30:22.15.01  INFO	ru.sfedu.projectmanager.model.providers.DataProviderCSV:49 - 0
10.30:22.15.01  INFO	ru.sfedu.projectmanager.model.providers.DataProviderCSV:48 - 4
10.30:22.15.01  INFO	ru.sfedu.projectmanager.model.providers.DataProviderCSV:49 - 0
10.30:22.15.01  INFO	ru.sfedu.projectmanager.model.providers.DataProviderCSV:48 - 4
10.30:22.15.01  INFO	ru.sfedu.projectmanager.model.providers.DataProviderCSV:49 - 0
10.30:22.15.01  INFO	ru.sfedu.projectmanager.model.providers.DataProviderCSV:48 - 4
10.30:22.15.01  INFO	ru.sfedu.projectmanager.model.providers.DataProviderCSV:49 - 0
10.30:22.15.51  INFO	ru.sfedu.projectmanager.model.providers.DataProviderCSV:49 - 0
10.30:22.15.51  INFO	ru.sfedu.projectmanager.model.providers.DataProviderCSV:50 - 0
10.30:22.15.51  INFO	ru.sfedu.projectmanager.model.providers.DataProviderCSV:52 - ufuu!
10.30:22.15.51  INFO	ru.sfedu.projectmanager.model.providers.DataProviderCSV:49 - 1
10.30:22.15.51  INFO	ru.sfedu.projectmanager.model.providers.DataProviderCSV:50 - 0
10.30:22.15.51  INFO	ru.sfedu.projectmanager.model.providers.DataProviderCSV:49 - 4
10.30:22.15.51  INFO	ru.sfedu.projectmanager.model.providers.DataProviderCSV:50 - 0
10.30:22.15.51  INFO	ru.sfedu.projectmanager.model.providers.DataProviderCSV:49 - 4
10.30:22.15.51  INFO	ru.sfedu.projectmanager.model.providers.DataProviderCSV:50 - 0
10.30:22.15.51  INFO	ru.sfedu.projectmanager.model.providers.DataProviderCSV:49 - 4
10.30:22.15.51  INFO	ru.sfedu.projectmanager.model.providers.DataProviderCSV:50 - 0
10.30:22.15.51  INFO	ru.sfedu.projectmanager.model.providers.DataProviderCSV:49 - 4
10.30:22.15.51  INFO	ru.sfedu.projectmanager.model.providers.DataProviderCSV:50 - 0
10.30:22.16.18  INFO	ru.sfedu.projectmanager.model.providers.DataProviderCSV:49 - 0
10.30:22.16.18  INFO	ru.sfedu.projectmanager.model.providers.DataProviderCSV:50 - 0
10.30:22.16.18  INFO	ru.sfedu.projectmanager.model.providers.DataProviderCSV:52 - ufuu!
10.30:22.16.18  INFO	ru.sfedu.projectmanager.model.providers.DataProviderCSV:49 - 1
10.30:22.16.18  INFO	ru.sfedu.projectmanager.model.providers.DataProviderCSV:50 - 0
10.30:22.16.18  INFO	ru.sfedu.projectmanager.model.providers.DataProviderCSV:49 - 4
10.30:22.16.18  INFO	ru.sfedu.projectmanager.model.providers.DataProviderCSV:50 - 0
10.30:22.16.18  INFO	ru.sfedu.projectmanager.model.providers.DataProviderCSV:49 - 4
10.30:22.16.18  INFO	ru.sfedu.projectmanager.model.providers.DataProviderCSV:50 - 0
10.30:22.16.18  INFO	ru.sfedu.projectmanager.model.providers.DataProviderCSV:49 - 4
10.30:22.16.18  INFO	ru.sfedu.projectmanager.model.providers.DataProviderCSV:50 - 0
10.30:22.16.18  INFO	ru.sfedu.projectmanager.model.providers.DataProviderCSV:49 - 4
10.30:22.16.18  INFO	ru.sfedu.projectmanager.model.providers.DataProviderCSV:50 - 0
10.30:22.16.38  INFO	ru.sfedu.projectmanager.model.providers.DataProviderCSV:49 - 0
10.30:22.16.38  INFO	ru.sfedu.projectmanager.model.providers.DataProviderCSV:50 - 0
10.30:22.16.38  INFO	ru.sfedu.projectmanager.model.providers.DataProviderCSV:52 - ufuu!
10.30:22.16.38  INFO	ru.sfedu.projectmanager.model.providers.DataProviderCSV:49 - 1
10.30:22.16.38  INFO	ru.sfedu.projectmanager.model.providers.DataProviderCSV:50 - 0
10.30:22.16.38  INFO	ru.sfedu.projectmanager.model.providers.DataProviderCSV:49 - 2
10.30:22.16.38  INFO	ru.sfedu.projectmanager.model.providers.DataProviderCSV:50 - 0
10.30:22.16.38  INFO	ru.sfedu.projectmanager.model.providers.DataProviderCSV:49 - 3
10.30:22.16.38  INFO	ru.sfedu.projectmanager.model.providers.DataProviderCSV:50 - 0
10.30:22.16.38  INFO	ru.sfedu.projectmanager.model.providers.DataProviderCSV:49 - 4
10.30:22.16.38  INFO	ru.sfedu.projectmanager.model.providers.DataProviderCSV:50 - 0
10.30:22.17.41  INFO	ru.sfedu.projectmanager.model.providers.DataProviderCSV:50 - ufuu!
10.30:22.21.01  INFO	ru.sfedu.projectmanager.model.providers.DataProviderCSV:48 - 0lehaLoginmr.alexn95@mail.commycastpass
10.30:22.21.01  INFO	ru.sfedu.projectmanager.model.providers.DataProviderCSV:48 - 1lehaLoginmr.alexn95@mail.commycastpass
10.30:22.21.01  INFO	ru.sfedu.projectmanager.model.providers.DataProviderCSV:48 - 2lehaLoginmr.alexn95@mail.commycastpass
10.30:22.21.01  INFO	ru.sfedu.projectmanager.model.providers.DataProviderCSV:48 - 3lehaLoginmr.alexn95@mail.commycastpass
10.30:22.21.01  INFO	ru.sfedu.projectmanager.model.providers.DataProviderCSV:48 - 4lehaLoginmr.alexn95@mail.commycastpass
10.30:22.21.01  INFO	ru.sfedu.projectmanager.model.providers.DataProviderCSV:53 - ufuu!
10.30:22.21.10  INFO	ru.sfedu.projectmanager.model.providers.DataProviderCSV:48 - 0
10.30:22.21.10  INFO	ru.sfedu.projectmanager.model.providers.DataProviderCSV:53 - ufuu!
10.30:22.21.21  INFO	ru.sfedu.projectmanager.model.providers.DataProviderCSV:48 - 0
10.30:22.21.21  INFO	ru.sfedu.projectmanager.model.providers.DataProviderCSV:48 - 1
10.30:22.21.21  INFO	ru.sfedu.projectmanager.model.providers.DataProviderCSV:48 - 2
10.30:22.21.21  INFO	ru.sfedu.projectmanager.model.providers.DataProviderCSV:48 - 3
10.30:22.21.21  INFO	ru.sfedu.projectmanager.model.providers.DataProviderCSV:48 - 4
10.30:22.21.21  INFO	ru.sfedu.projectmanager.model.providers.DataProviderCSV:53 - ufuu!
10.30:22.22.33  INFO	ru.sfedu.projectmanager.model.providers.DataProviderCSV:48 - 0
10.30:22.22.33  INFO	ru.sfedu.projectmanager.model.providers.DataProviderCSV:48 - 1
10.30:22.22.33  INFO	ru.sfedu.projectmanager.model.providers.DataProviderCSV:48 - 2
10.30:22.22.33  INFO	ru.sfedu.projectmanager.model.providers.DataProviderCSV:48 - 3
10.30:22.22.33  INFO	ru.sfedu.projectmanager.model.providers.DataProviderCSV:48 - 4
10.30:22.22.33  INFO	ru.sfedu.projectmanager.model.providers.DataProviderCSV:53 - ufuu!
10.30:22.23.21  INFO	ru.sfedu.projectmanager.model.providers.DataProviderCSV:48 - 0
10.30:22.23.21  INFO	ru.sfedu.projectmanager.model.providers.DataProviderCSV:48 - 1
10.30:22.23.21  INFO	ru.sfedu.projectmanager.model.providers.DataProviderCSV:48 - 2
10.30:22.23.21  INFO	ru.sfedu.projectmanager.model.providers.DataProviderCSV:48 - 3
10.30:22.23.21  INFO	ru.sfedu.projectmanager.model.providers.DataProviderCSV:48 - 4
10.30:22.23.21  INFO	ru.sfedu.projectmanager.model.providers.DataProviderCSV:53 - ufuu!
10.30:22.23.33  INFO	ru.sfedu.projectmanager.model.providers.DataProviderCSV:48 - 0
10.30:22.23.33  INFO	ru.sfedu.projectmanager.model.providers.DataProviderCSV:48 - 1
10.30:22.23.33  INFO	ru.sfedu.projectmanager.model.providers.DataProviderCSV:48 - 2
10.30:22.23.33  INFO	ru.sfedu.projectmanager.model.providers.DataProviderCSV:48 - 3
10.30:22.23.33  INFO	ru.sfedu.projectmanager.model.providers.DataProviderCSV:48 - 4
10.30:22.23.33  INFO	ru.sfedu.projectmanager.model.providers.DataProviderCSV:53 - ufuu!
10.30:22.23.38  INFO	ru.sfedu.projectmanager.model.providers.DataProviderCSV:48 - 1
10.30:22.23.38  INFO	ru.sfedu.projectmanager.model.providers.DataProviderCSV:48 - 2
10.30:22.23.38  INFO	ru.sfedu.projectmanager.model.providers.DataProviderCSV:48 - 3
10.30:22.23.38  INFO	ru.sfedu.projectmanager.model.providers.DataProviderCSV:48 - 4
10.30:22.23.40  INFO	ru.sfedu.projectmanager.model.providers.DataProviderCSV:48 - 1
10.30:22.23.40  INFO	ru.sfedu.projectmanager.model.providers.DataProviderCSV:48 - 2
10.30:22.23.40  INFO	ru.sfedu.projectmanager.model.providers.DataProviderCSV:48 - 3
10.30:22.23.40  INFO	ru.sfedu.projectmanager.model.providers.DataProviderCSV:48 - 4
10.31:08.58.50  INFO	ru.sfedu.projectmanager.model.providers.DataProviderCSV:48 - 0
10.31:08.58.50  INFO	ru.sfedu.projectmanager.model.providers.DataProviderCSV:48 - 1
10.31:08.58.50  INFO	ru.sfedu.projectmanager.model.providers.DataProviderCSV:48 - 2
10.31:08.58.50  INFO	ru.sfedu.projectmanager.model.providers.DataProviderCSV:48 - 3
10.31:08.58.50  INFO	ru.sfedu.projectmanager.model.providers.DataProviderCSV:48 - 4
10.31:08.58.50  INFO	ru.sfedu.projectmanager.model.providers.DataProviderCSV:53 - ufuu!
10.31:08.59.36  INFO	ru.sfedu.projectmanager.model.providers.DataProviderCSV:48 - 1
10.31:08.59.36  INFO	ru.sfedu.projectmanager.model.providers.DataProviderCSV:48 - 2
10.31:08.59.36  INFO	ru.sfedu.projectmanager.model.providers.DataProviderCSV:48 - 3
10.31:08.59.36  INFO	ru.sfedu.projectmanager.model.providers.DataProviderCSV:48 - 4
10.31:08.59.36  INFO	ru.sfedu.projectmanager.model.providers.DataProviderCSV:53 - ufuu!
10.31:09.00.01  INFO	ru.sfedu.projectmanager.model.providers.DataProviderCSV:48 - 2
10.31:09.00.01  INFO	ru.sfedu.projectmanager.model.providers.DataProviderCSV:48 - 3
10.31:09.00.01  INFO	ru.sfedu.projectmanager.model.providers.DataProviderCSV:48 - 4
10.31:09.00.20  INFO	ru.sfedu.projectmanager.model.providers.DataProviderCSV:48 - 2
10.31:09.00.20  INFO	ru.sfedu.projectmanager.model.providers.DataProviderCSV:48 - 3
10.31:09.00.20  INFO	ru.sfedu.projectmanager.model.providers.DataProviderCSV:48 - 4
10.31:09.00.20  INFO	ru.sfedu.projectmanager.model.providers.DataProviderCSV:53 - ufuu!
11.06:19.29.38  INFO	ru.sfedu.projectmanager.model.providers.DataProviderCSV:69 - java.lang.NullPointerException
11.11:11.04.04  INFO	ru.sfedu.projectmanager.model.providers.DataProviderCSV:108 - Error parsing CSV line: 3, values: null
11.11:11.04.09  INFO	ru.sfedu.projectmanager.model.providers.DataProviderCSV:108 - Error parsing CSV line: 3, values: null
11.11:11.05.24  INFO	ru.sfedu.projectmanager.model.providers.DataProviderCSV:108 - Error parsing CSV line: 3, values: null
11.11:11.05.37  INFO	ru.sfedu.projectmanager.model.providers.DataProviderCSV:108 - Error parsing CSV line: 2, values: null
11.11:11.05.44  INFO	ru.sfedu.projectmanager.model.providers.DataProviderCSV:108 - Error parsing CSV line: 2, values: null
11.11:11.07.32  INFO	ru.sfedu.projectmanager.model.providers.DataProviderCSV:108 -
11.11:11.08.49  INFO	ru.sfedu.projectmanager.model.providers.DataProviderCSV:108 -
11.11:11.09.21  INFO	ru.sfedu.projectmanager.model.providers.DataProviderCSV:108 -
11.11:11.09.30  INFO	ru.sfedu.projectmanager.model.providers.DataProviderCSV:108 -
11.11:11.10.06  INFO	ru.sfedu.projectmanager.model.providers.DataProviderCSV:108 -
11.11:11.23.20  INFO	ru.sfedu.projectmanager.model.providers.DataProviderCSV:108 -
11.11:11.23.20  INFO	ru.sfedu.projectmanager.model.providers.DataProviderCSV:108 -
11.11:11.30.52  INFO	ru.sfedu.projectmanager.model.providers.DataProviderCSV:105 - Error parsing CSV line: 2, values: null
11.11:11.30.52  INFO	ru.sfedu.projectmanager.model.providers.DataProviderCSV:105 - Error parsing CSV line: 2, values: null
11.11:15.37.35  INFO	ru.sfedu.projectmanager.model.providers.DataProviderXML:38 - 
11.11:15.38.11  INFO	ru.sfedu.projectmanager.model.providers.DataProviderXML:38 - 
11.11:15.38.20  INFO	ru.sfedu.projectmanager.model.providers.DataProviderXML:38 -  asd
11.11:15.38.39  INFO	ru.sfedu.projectmanager.model.providers.DataProviderXML:38 - 
11.11:15.39.10  INFO	ru.sfedu.projectmanager.model.providers.DataProviderXML:38 - [Ljava.lang.StackTraceElement;@75828a0f
11.11:15.39.53 ERROR	ru.sfedu.projectmanager.model.providers.DataProviderXML:38 - [Ljava.lang.StackTraceElement;@75828a0f
11.11:15.40.05 ERROR	ru.sfedu.projectmanager.model.providers.DataProviderXML:38 - 
11.11:22.17.24  INFO	ru.sfedu.projectmanager.model.providers.DataProviderXML:34 - 1
11.11:22.17.58  INFO	ru.sfedu.projectmanager.model.providers.DataProviderXML:34 - bean id - 1
11.11:22.28.55  INFO	ru.sfedu.projectmanager.model.providers.DataProviderXML:34 - bean id - 1
11.11:22.29.46  INFO	ru.sfedu.projectmanager.model.providers.DataProviderXML:34 - bean id - 2
11.12:11.42.52  INFO	ru.sfedu.projectmanager.model.providers.DataProviderXML:34 - bean id - 3
11.13:21.44.38  INFO	ru.sfedu.projectmanager.model.providers.DataProviderCSV:74 - Index: 1, Size: 0
12.07:12.17.52  INFO	ru.sfedu.projectmanager.model.providers.DataProviderCSV:46 - mr.alexn95@mail.com
12.07:12.17.52  INFO	ru.sfedu.projectmanager.model.providers.DataProviderCSV:47 -
12.07:13.18.09  INFO	ru.sfedu.projectmanager.model.providers.DataProviderCSV:35 - mr.alexn95@mail.com
12.07:13.18.09  INFO	ru.sfedu.projectmanager.model.providers.DataProviderCSV:36 -
12.07:13.18.35  INFO	ru.sfedu.projectmanager.model.providers.DataProviderCSV:35 - mr.alexn95@mail.com
12.07:13.18.35  INFO	ru.sfedu.projectmanager.model.providers.DataProviderCSV:36 -
12.07:13.18.45  INFO	ru.sfedu.projectmanager.model.providers.DataProviderCSV:35 - mr.alexn95@mail.com
12.07:13.18.45  INFO	ru.sfedu.projectmanager.model.providers.DataProviderCSV:36 -
12.10:12.07.08 ERROR	ru.sfedu.projectmanager.model.providers.DataProviderXML:46 - org.simpleframework.xml.core.ElementException: Value for @org.simpleframework.xml.Element(name=, type=void, data=false, required=true) on method 'projectId' is null in class ru.sfedu.projectmanager.model.entries.User
12.10:12.07.13 ERROR	ru.sfedu.projectmanager.model.providers.DataProviderXML:46 - javax.xml.stream.XMLStreamException: ParseError at [row,col]:[4,34]
Message: XML document structures must start and end within the same entity.
12.10:12.10.13 ERROR	ru.sfedu.projectmanager.model.providers.DataProviderXML:46 - org.simpleframework.xml.core.ElementException: Value for @org.simpleframework.xml.Element(name=, type=void, data=false, required=true) on method 'projectId' is null in class ru.sfedu.projectmanager.model.entries.User
12.10:12.16.34 ERROR	ru.sfedu.projectmanager.model.providers.DataProviderXML:46 - org.simpleframework.xml.core.ElementException: Value for @org.simpleframework.xml.Element(name=, type=void, data=false, required=true) on method 'userId' is null in class ru.sfedu.projectmanager.model.entries.Task
12.10:12.16.34 ERROR	ru.sfedu.projectmanager.model.providers.DataProviderXML:46 - org.simpleframework.xml.core.ElementException: Value for @org.simpleframework.xml.Element(name=, type=void, data=false, required=true) on method 'projectId' is null in class ru.sfedu.projectmanager.model.entries.User
12.10:12.17.07 ERROR	ru.sfedu.projectmanager.model.providers.DataProviderXML:46 - org.simpleframework.xml.core.ElementException: Value for @org.simpleframework.xml.Element(name=, type=void, data=false, required=true) on method 'userId' is null in class ru.sfedu.projectmanager.model.entries.Task
12.10:12.17.07 ERROR	ru.sfedu.projectmanager.model.providers.DataProviderXML:46 - org.simpleframework.xml.core.ElementException: Value for @org.simpleframework.xml.Element(name=, type=void, data=false, required=true) on method 'projectId' is null in class ru.sfedu.projectmanager.model.entries.User
12.10:12.18.14 ERROR	ru.sfedu.projectmanager.model.providers.DataProviderXML:46 - org.simpleframework.xml.core.ElementException: Value for @org.simpleframework.xml.Element(name=, type=void, data=false, required=true) on method 'userId' is null in class ru.sfedu.projectmanager.model.entries.Task
12.10:12.18.14 ERROR	ru.sfedu.projectmanager.model.providers.DataProviderXML:46 - javax.xml.stream.XMLStreamException: ParseError at [row,col]:[2,39]
Message: XML document structures must start and end within the same entity.
12.10:12.18.50 ERROR	ru.sfedu.projectmanager.model.providers.DataProviderXML:46 - org.simpleframework.xml.core.ElementException: Value for @org.simpleframework.xml.Element(name=, type=void, data=false, required=true) on method 'userId' is null in class ru.sfedu.projectmanager.model.entries.Task
12.10:12.18.50 ERROR	ru.sfedu.projectmanager.model.providers.DataProviderXML:46 - org.simpleframework.xml.core.ElementException: Value for @org.simpleframework.xml.Element(name=, type=void, data=false, required=true) on method 'projectId' is null in class ru.sfedu.projectmanager.model.entries.User
12.10:12.22.07 ERROR	ru.sfedu.projectmanager.model.providers.DataProviderXML:46 - org.simpleframework.xml.core.ElementException: Value for @org.simpleframework.xml.Element(name=, type=void, data=false, required=true) on method 'userId' is null in class ru.sfedu.projectmanager.model.entries.Task
12.10:12.22.07 ERROR	ru.sfedu.projectmanager.model.providers.DataProviderXML:46 - org.simpleframework.xml.core.ElementException: Value for @org.simpleframework.xml.Element(name=, type=void, data=false, required=true) on method 'projectId' is null in class ru.sfedu.projectmanager.model.entries.User
12.10:13.43.25  INFO	ru.sfedu.projectmanager.services.EntryServices.UserService:51 - csv
12.10:14.05.03  INFO	ru.sfedu.projectmanager.model.providers.DataProviderCSV:29 - SUCCESSFUL
12.10:19.50.25  INFO	ru.sfedu.projectmanager.model.providers.DataProviderJDBC:42 - com.mysql.cj.jdbc.result.ResultSetImpl@3a5ed7a6
12.10:19.52.16  INFO	ru.sfedu.projectmanager.model.providers.DataProviderJDBC:45 - 1
12.10:19.52.16  INFO	ru.sfedu.projectmanager.model.providers.DataProviderJDBC:46 - leha
12.10:19.52.16  INFO	ru.sfedu.projectmanager.model.providers.DataProviderJDBC:45 - 2
12.10:19.52.16  INFO	ru.sfedu.projectmanager.model.providers.DataProviderJDBC:46 - max
12.10:21.34.11  INFO	ru.sfedu.projectmanager.model.providers.DataProviderJDBC:41 - You have an error in your SQL syntax; check the manual that corresponds to your MySQL server version for the right syntax to use near '@mail.com, mycastpass, null)' at line 1
12.10:21.37.20  INFO	ru.sfedu.projectmanager.model.providers.DataProviderJDBC:41 - Unknown column 'projectId' in 'field list'
12.10:21.41.45  INFO	ru.sfedu.projectmanager.model.providers.DataProviderJDBC:41 - You have an error in your SQL syntax; check the manual that corresponds to your MySQL server version for the right syntax to use near '(title, description, projectId, state, type, createDate, userId)  VALUES ('title' at line 1
12.10:21.41.49  INFO	ru.sfedu.projectmanager.model.providers.DataProviderJDBC:41 - You have an error in your SQL syntax; check the manual that corresponds to your MySQL server version for the right syntax to use near '(title, description, state, createDate)  VALUES ('title', 'description', 'state'' at line 1
12.10:21.41.52  INFO	ru.sfedu.projectmanager.model.providers.DataProviderJDBC:41 - Duplicate entry 'lehaLogin' for key 'Users_login_uindex'
12.10:21.43.20 ERROR	ru.sfedu.projectmanager.model.providers.DataProviderJDBC:41 - Duplicate entry 'lehaLogin' for key 'Users_login_uindex'
12.10:21.43.41 ERROR	ru.sfedu.projectmanager.model.providers.DataProviderJDBC:41 - java.sql.SQLIntegrityConstraintViolationException: Duplicate entry 'lehaLogin' for key 'Users_login_uindex'
12.10:21.58.57 ERROR	ru.sfedu.projectmanager.model.providers.DataProviderJDBC:41 - java.sql.SQLSyntaxErrorException: You have an error in your SQL syntax; check the manual that corresponds to your MySQL server version for the right syntax to use near '(title, description, projectId, state, type, createDate, userId)  VALUES ('title' at line 1
12.10:21.59.34 ERROR	ru.sfedu.projectmanager.model.providers.DataProviderJDBC:41 - java.sql.SQLSyntaxErrorException: You have an error in your SQL syntax; check the manual that corresponds to your MySQL server version for the right syntax to use near '(title, description, projectId, state, type, createDate, userId)  VALUES ('title' at line 1
12.10:21.59.56  INFO	ru.sfedu.projectmanager.model.providers.DataProviderJDBC:39 - INSERT INTO  (title, description, projectId, state, type, createDate, userId)  VALUES ('title', 'description', 1, 'state', 'type', 'date', null);
12.10:21.59.56 ERROR	ru.sfedu.projectmanager.model.providers.DataProviderJDBC:42 - java.sql.SQLSyntaxErrorException: You have an error in your SQL syntax; check the manual that corresponds to your MySQL server version for the right syntax to use near '(title, description, projectId, state, type, createDate, userId)  VALUES ('title' at line 1
12.10:22.00.39  INFO	ru.sfedu.projectmanager.model.providers.DataProviderJDBC:39 - INSERT INTO  Tasks(title, description, projectId, state, type, createDate, userId)  VALUES ('title', 'description', 1, 'state', 'type', 'date', null);
12.10:22.00.39 ERROR	ru.sfedu.projectmanager.model.providers.DataProviderJDBC:42 - com.mysql.cj.jdbc.exceptions.MysqlDataTruncation: Data truncation: Incorrect datetime value: 'date' for column 'createDate' at row 1
12.10:22.09.53 ERROR	ru.sfedu.projectmanager.model.providers.DataProviderJDBC:41 - java.sql.SQLIntegrityConstraintViolationException: Cannot add or update a child row: a foreign key constraint fails (`labs`.`tasks`, CONSTRAINT `Tasks_Projects_id_fk` FOREIGN KEY (`projectId`) REFERENCES `Projects` (`id`))
12.10:22.14.07 ERROR	ru.sfedu.projectmanager.model.providers.DataProviderJDBC:41 - java.sql.SQLSyntaxErrorException: You have an error in your SQL syntax; check the manual that corresponds to your MySQL server version for the right syntax to use near ''2017-12-10)' at line 1
12.10:22.14.37 ERROR	ru.sfedu.projectmanager.model.providers.DataProviderJDBC:41 - java.sql.SQLSyntaxErrorException: You have an error in your SQL syntax; check the manual that corresponds to your MySQL server version for the right syntax to use near ''2017-12-10)' at line 1
12.10:22.14.53 ERROR	ru.sfedu.projectmanager.model.providers.DataProviderJDBC:41 - java.sql.SQLSyntaxErrorException: You have an error in your SQL syntax; check the manual that corresponds to your MySQL server version for the right syntax to use near ''2017-12-10)' at line 1
12.10:22.15.53  INFO	ru.sfedu.projectmanager.model.providers.DataProviderJDBC:38 - INSERT INTO  Projects(title, description, state, createDate)  VALUES ('title', 'description', 'state', '2017-12-10);
12.10:22.15.53 ERROR	ru.sfedu.projectmanager.model.providers.DataProviderJDBC:42 - java.sql.SQLSyntaxErrorException: You have an error in your SQL syntax; check the manual that corresponds to your MySQL server version for the right syntax to use near ''2017-12-10)' at line 1
12.10:22.17.04 ERROR	ru.sfedu.projectmanager.model.providers.DataProviderJDBC:41 - com.mysql.cj.jdbc.exceptions.MysqlDataTruncation: Data truncation: Incorrect datetime value: '1995' for column 'createDate' at row 1
12.10:22.18.18  INFO	ru.sfedu.projectmanager.model.providers.DataProviderJDBC:38 - INSERT INTO  Projects(title, description, state, createDate)  VALUES ('title', 'description', 'state', 2017-12-10);
12.10:22.18.18 ERROR	ru.sfedu.projectmanager.model.providers.DataProviderJDBC:42 - com.mysql.cj.jdbc.exceptions.MysqlDataTruncation: Data truncation: Incorrect datetime value: '1995' for column 'createDate' at row 1
12.10:22.18.18  INFO	ru.sfedu.projectmanager.model.providers.DataProviderJDBC:38 - INSERT INTO  Tasks(title, description, projectId, state, type, createDate, userId)  VALUES ('title', 'description', null, 'state', 'type', '2017-12-10', null);
12.10:22.18.18  INFO	ru.sfedu.projectmanager.model.providers.DataProviderJDBC:38 - INSERT INTO  Users(login, email, password, projectId)  VALUES ('lehaLogin', 'mr.alexn95@mail.com', 'mycastpass', null);
12.10:22.18.18 ERROR	ru.sfedu.projectmanager.model.providers.DataProviderJDBC:42 - java.sql.SQLIntegrityConstraintViolationException: Duplicate entry 'lehaLogin' for key 'Users_login_uindex'
12.10:22.20.41  INFO	ru.sfedu.projectmanager.model.providers.DataProviderJDBC:38 - INSERT INTO  Projects(title, description, state, createDate)  VALUES ('title', 'description', 'state', 2017-12-10);
12.10:22.20.41 ERROR	ru.sfedu.projectmanager.model.providers.DataProviderJDBC:42 - com.mysql.cj.jdbc.exceptions.MysqlDataTruncation: Data truncation: Incorrect datetime value: '1995' for column 'createDate' at row 1
12.10:22.20.41  INFO	ru.sfedu.projectmanager.model.providers.DataProviderJDBC:38 - INSERT INTO  Tasks(title, description, projectId, state, type, createDate, userId)  VALUES ('title', 'description', null, 'state', 'type', '2017-12-10', null);
12.10:22.20.41  INFO	ru.sfedu.projectmanager.model.providers.DataProviderJDBC:38 - INSERT INTO  Users(login, email, password, projectId)  VALUES ('lehaLogin', 'mr.alexn95@mail.com', 'mycastpass', null);
12.10:22.24.31  INFO	ru.sfedu.projectmanager.model.providers.DataProviderJDBC:38 - INSERT INTO  Projects(title, description, state, createDate)  VALUES ('title', 'description', 'state', 2017-12-10);
12.10:22.24.32 ERROR	ru.sfedu.projectmanager.model.providers.DataProviderJDBC:42 - com.mysql.cj.jdbc.exceptions.MysqlDataTruncation: Data truncation: Incorrect datetime value: '1995' for column 'createDate' at row 1
12.10:22.24.32  INFO	ru.sfedu.projectmanager.model.providers.DataProviderJDBC:38 - INSERT INTO  Tasks(title, description, projectId, state, type, createDate, userId)  VALUES ('title', 'description', null, 'state', 'type', 2017-12-10, null);
12.10:22.24.32 ERROR	ru.sfedu.projectmanager.model.providers.DataProviderJDBC:42 - com.mysql.cj.jdbc.exceptions.MysqlDataTruncation: Data truncation: Incorrect datetime value: '1995' for column 'createDate' at row 1
12.10:22.24.32  INFO	ru.sfedu.projectmanager.model.providers.DataProviderJDBC:38 - INSERT INTO  Users(login, email, password, projectId)  VALUES ('lehaLogin', 'mr.alexn95@mail.com', 'mycastpass', null);
12.10:22.25.57  INFO	ru.sfedu.projectmanager.model.providers.DataProviderJDBC:38 - INSERT INTO  Projects(title, description, state, createDate)  VALUES ('title', 'description', 'state', '2017-12-10');
12.10:22.25.57  INFO	ru.sfedu.projectmanager.model.providers.DataProviderJDBC:38 - INSERT INTO  Tasks(title, description, projectId, state, type, createDate, userId)  VALUES ('title', 'description', null, 'state', 'type', '2017-12-10', null);
12.10:22.25.57  INFO	ru.sfedu.projectmanager.model.providers.DataProviderJDBC:38 - INSERT INTO  Users(login, email, password, projectId)  VALUES ('lehaLogin', 'mr.alexn95@mail.com', 'mycastpass', null);
12.10:22.26.21 ERROR	ru.sfedu.projectmanager.model.providers.DataProviderJDBC:41 - java.sql.SQLIntegrityConstraintViolationException: Duplicate entry 'lehaLogin' for key 'Users_login_uindex'
12.11:13.00.26 ERROR	ru.sfedu.projectmanager.model.providers.DataProviderJDBC:43 - java.sql.SQLIntegrityConstraintViolationException: Duplicate entry 'lehaLogin' for key 'Users_login_uindex'
12.11:13.05.37 ERROR	ru.sfedu.projectmanager.model.providers.DataProviderJDBC:130 - java.sql.SQLException: Illegal operation on empty result set.
12.11:13.07.24  INFO	ru.sfedu.projectmanager.model.providers.DataProviderJDBCTest:31 - lehaLogin
12.11:13.26.09 ERROR	ru.sfedu.projectmanager.model.providers.DataProviderJDBC:43 - java.sql.SQLIntegrityConstraintViolationException: Duplicate entry 'lehaLogin' for key 'Users_login_uindex'
12.12:09.58.42 ERROR	ru.sfedu.projectmanager.model.providers.DataProviderJDBC:43 - java.sql.SQLIntegrityConstraintViolationException: Duplicate entry 'loginjava.util.Random@7d907bac' for key 'Users_login_uindex'
12.12:10.01.03 ERROR	ru.sfedu.projectmanager.model.providers.DataProviderXML:46 - org.simpleframework.xml.core.MethodException: Annotations do not match for 'projectId' in class ru.sfedu.projectmanager.model.entries.User
12.12:10.01.03 ERROR	ru.sfedu.projectmanager.model.providers.DataProviderXML:27 - javax.xml.stream.XMLStreamException: ParseError at [row,col]:[1,14]
Message: XML document structures must start and end within the same entity.
12.12:10.01.03 ERROR	ru.sfedu.projectmanager.model.providers.DataProviderXML:46 - javax.xml.stream.XMLStreamException: ParseError at [row,col]:[1,14]
Message: XML document structures must start and end within the same entity.
12.12:10.03.10 ERROR	ru.sfedu.projectmanager.model.providers.DataProviderXML:27 - javax.xml.stream.XMLStreamException: ParseError at [row,col]:[1,14]
Message: XML document structures must start and end within the same entity.
12.12:10.03.10 ERROR	ru.sfedu.projectmanager.model.providers.DataProviderXML:46 - javax.xml.stream.XMLStreamException: ParseError at [row,col]:[1,14]
Message: XML document structures must start and end within the same entity.
12.12:10.03.10 ERROR	ru.sfedu.projectmanager.model.providers.DataProviderXML:27 - javax.xml.stream.XMLStreamException: ParseError at [row,col]:[1,14]
Message: XML document structures must start and end within the same entity.
12.12:10.03.10 ERROR	ru.sfedu.projectmanager.model.providers.DataProviderXML:46 - javax.xml.stream.XMLStreamException: ParseError at [row,col]:[1,14]
Message: XML document structures must start and end within the same entity.
12.12:10.03.17 ERROR	ru.sfedu.projectmanager.model.providers.DataProviderXML:27 - javax.xml.stream.XMLStreamException: ParseError at [row,col]:[1,14]
Message: XML document structures must start and end within the same entity.
12.12:10.03.17 ERROR	ru.sfedu.projectmanager.model.providers.DataProviderXML:46 - javax.xml.stream.XMLStreamException: ParseError at [row,col]:[1,14]
Message: XML document structures must start and end within the same entity.
12.12:10.03.17 ERROR	ru.sfedu.projectmanager.model.providers.DataProviderXML:27 - javax.xml.stream.XMLStreamException: ParseError at [row,col]:[1,14]
Message: XML document structures must start and end within the same entity.
12.12:10.03.17 ERROR	ru.sfedu.projectmanager.model.providers.DataProviderXML:46 - javax.xml.stream.XMLStreamException: ParseError at [row,col]:[1,14]
Message: XML document structures must start and end within the same entity.
12.12:10.03.52 ERROR	ru.sfedu.projectmanager.model.providers.DataProviderXML:46 - org.simpleframework.xml.core.MethodException: Annotations do not match for 'projectId' in class ru.sfedu.projectmanager.model.entries.User
12.12:10.03.52 ERROR	ru.sfedu.projectmanager.model.providers.DataProviderXML:27 - javax.xml.stream.XMLStreamException: ParseError at [row,col]:[1,14]
Message: XML document structures must start and end within the same entity.
12.12:10.03.52 ERROR	ru.sfedu.projectmanager.model.providers.DataProviderXML:46 - javax.xml.stream.XMLStreamException: ParseError at [row,col]:[1,14]
Message: XML document structures must start and end within the same entity.
12.12:10.09.24 ERROR	ru.sfedu.projectmanager.model.providers.DataProviderXML:46 - javax.xml.stream.XMLStreamException: ParseError at [row,col]:[1,14]
Message: XML document structures must start and end within the same entity.
12.12:10.09.57 ERROR	ru.sfedu.projectmanager.model.providers.DataProviderXML:46 - org.simpleframework.xml.core.MethodException: Annotations do not match for 'projectId' in class ru.sfedu.projectmanager.model.entries.User
